<?xml version="1.0" encoding="UTF-8"?>
<!-- Generated by org.testng.reporters.JUnitReportReporter -->
<testsuite hostname="DESKTOP-KC3VDCV" failures="0" tests="1" name="testcases.TC01_Home" time="2.552" errors="0" timestamp="2024-11-08T22:31:19 EET" skipped="0">
  <testcase classname="testcases.TC01_Home" name="ValidateSiginButtonNavigateToLoginPage" time="2.552"/>
</testsuite> <!-- testcases.TC01_Home -->
