<?xml version="1.0" encoding="UTF-8"?>
<!-- Generated by org.testng.reporters.JUnitReportReporter -->
<testsuite hostname="DESKTOP-KC3VDCV" failures="0" tests="1" name="testcases.TC02_Login" time="7.395" errors="0" timestamp="2024-11-08T22:31:19 EET" skipped="0">
  <testcase classname="testcases.TC02_Login" name="ValidateLoginWithValidData" time="7.395"/>
</testsuite> <!-- testcases.TC02_Login -->
